digraph Tree {
node [shape=box, fontname="helvetica"] ;
edge [fontname="helvetica"] ;
0 [label="X[1] <= 154.5\ngini = 0.455\nsamples = 537\nvalue = [349, 188]"] ;
1 [label="X[7] <= 28.5\ngini = 0.383\nsamples = 454\nvalue = [337, 117]"] ;
0 -> 1 [labeldistance=2.5, labelangle=45, headlabel="True"] ;
2 [label="X[1] <= 127.5\ngini = 0.22\nsamples = 238\nvalue = [208, 30]"] ;
1 -> 2 ;
3 [label="X[5] <= 49.1\ngini = 0.117\nsamples = 192\nvalue = [180, 12]"] ;
2 -> 3 ;
4 [label="X[5] <= 31.4\ngini = 0.1\nsamples = 190\nvalue = [180, 10]"] ;
3 -> 4 ;
5 [label="X[6] <= 0.672\ngini = 0.018\nsamples = 111\nvalue = [110, 1]"] ;
4 -> 5 ;
6 [label="gini = 0.0\nsamples = 96\nvalue = [96, 0]"] ;
5 -> 6 ;
7 [label="X[6] <= 0.697\ngini = 0.124\nsamples = 15\nvalue = [14, 1]"] ;
5 -> 7 ;
8 [label="gini = 0.0\nsamples = 1\nvalue = [0, 1]"] ;
7 -> 8 ;
9 [label="gini = 0.0\nsamples = 14\nvalue = [14, 0]"] ;
7 -> 9 ;
10 [label="X[4] <= 9.0\ngini = 0.202\nsamples = 79\nvalue = [70, 9]"] ;
4 -> 10 ;
11 [label="X[1] <= 111.5\ngini = 0.384\nsamples = 27\nvalue = [20, 7]"] ;
10 -> 11 ;
12 [label="X[3] <= 40.5\ngini = 0.105\nsamples = 18\nvalue = [17, 1]"] ;
11 -> 12 ;
13 [label="gini = 0.0\nsamples = 17\nvalue = [17, 0]"] ;
12 -> 13 ;
14 [label="gini = 0.0\nsamples = 1\nvalue = [0, 1]"] ;
12 -> 14 ;
15 [label="X[2] <= 72.0\ngini = 0.444\nsamples = 9\nvalue = [3, 6]"] ;
11 -> 15 ;
16 [label="X[2] <= 65.0\ngini = 0.48\nsamples = 5\nvalue = [3, 2]"] ;
15 -> 16 ;
17 [label="X[1] <= 123.0\ngini = 0.444\nsamples = 3\nvalue = [1, 2]"] ;
16 -> 17 ;
18 [label="gini = 0.0\nsamples = 2\nvalue = [0, 2]"] ;
17 -> 18 ;
19 [label="gini = 0.0\nsamples = 1\nvalue = [1, 0]"] ;
17 -> 19 ;
20 [label="gini = 0.0\nsamples = 2\nvalue = [2, 0]"] ;
16 -> 20 ;
21 [label="gini = 0.0\nsamples = 4\nvalue = [0, 4]"] ;
15 -> 21 ;
22 [label="X[0] <= 4.5\ngini = 0.074\nsamples = 52\nvalue = [50, 2]"] ;
10 -> 22 ;
23 [label="X[6] <= 0.64\ngini = 0.04\nsamples = 49\nvalue = [48, 1]"] ;
22 -> 23 ;
24 [label="gini = 0.0\nsamples = 43\nvalue = [43, 0]"] ;
23 -> 24 ;
25 [label="X[6] <= 0.676\ngini = 0.278\nsamples = 6\nvalue = [5, 1]"] ;
23 -> 25 ;
26 [label="gini = 0.0\nsamples = 1\nvalue = [0, 1]"] ;
25 -> 26 ;
27 [label="gini = 0.0\nsamples = 5\nvalue = [5, 0]"] ;
25 -> 27 ;
28 [label="X[3] <= 40.5\ngini = 0.444\nsamples = 3\nvalue = [2, 1]"] ;
22 -> 28 ;
29 [label="gini = 0.0\nsamples = 2\nvalue = [2, 0]"] ;
28 -> 29 ;
30 [label="gini = 0.0\nsamples = 1\nvalue = [0, 1]"] ;
28 -> 30 ;
31 [label="gini = 0.0\nsamples = 2\nvalue = [0, 2]"] ;
3 -> 31 ;
32 [label="X[2] <= 56.0\ngini = 0.476\nsamples = 46\nvalue = [28, 18]"] ;
2 -> 32 ;
33 [label="gini = 0.0\nsamples = 5\nvalue = [0, 5]"] ;
32 -> 33 ;
34 [label="X[5] <= 30.3\ngini = 0.433\nsamples = 41\nvalue = [28, 13]"] ;
32 -> 34 ;
35 [label="X[7] <= 27.5\ngini = 0.124\nsamples = 15\nvalue = [14, 1]"] ;
34 -> 35 ;
36 [label="gini = 0.0\nsamples = 13\nvalue = [13, 0]"] ;
35 -> 36 ;
37 [label="X[2] <= 69.5\ngini = 0.5\nsamples = 2\nvalue = [1, 1]"] ;
35 -> 37 ;
38 [label="gini = 0.0\nsamples = 1\nvalue = [0, 1]"] ;
37 -> 38 ;
39 [label="gini = 0.0\nsamples = 1\nvalue = [1, 0]"] ;
37 -> 39 ;
40 [label="X[5] <= 32.0\ngini = 0.497\nsamples = 26\nvalue = [14, 12]"] ;
34 -> 40 ;
41 [label="gini = 0.0\nsamples = 4\nvalue = [0, 4]"] ;
40 -> 41 ;
42 [label="X[2] <= 85.0\ngini = 0.463\nsamples = 22\nvalue = [14, 8]"] ;
40 -> 42 ;
43 [label="X[0] <= 0.5\ngini = 0.388\nsamples = 19\nvalue = [14, 5]"] ;
42 -> 43 ;
44 [label="X[5] <= 33.75\ngini = 0.49\nsamples = 7\nvalue = [3, 4]"] ;
43 -> 44 ;
45 [label="gini = 0.0\nsamples = 3\nvalue = [3, 0]"] ;
44 -> 45 ;
46 [label="gini = 0.0\nsamples = 4\nvalue = [0, 4]"] ;
44 -> 46 ;
47 [label="X[5] <= 32.45\ngini = 0.153\nsamples = 12\nvalue = [11, 1]"] ;
43 -> 47 ;
48 [label="gini = 0.0\nsamples = 1\nvalue = [0, 1]"] ;
47 -> 48 ;
49 [label="gini = 0.0\nsamples = 11\nvalue = [11, 0]"] ;
47 -> 49 ;
50 [label="gini = 0.0\nsamples = 3\nvalue = [0, 3]"] ;
42 -> 50 ;
51 [label="X[5] <= 26.95\ngini = 0.481\nsamples = 216\nvalue = [129, 87]"] ;
1 -> 51 ;
52 [label="X[7] <= 29.5\ngini = 0.13\nsamples = 43\nvalue = [40, 3]"] ;
51 -> 52 ;
53 [label="gini = 0.0\nsamples = 1\nvalue = [0, 1]"] ;
52 -> 53 ;
54 [label="X[5] <= 9.65\ngini = 0.091\nsamples = 42\nvalue = [40, 2]"] ;
52 -> 54 ;
55 [label="X[6] <= 0.436\ngini = 0.5\nsamples = 2\nvalue = [1, 1]"] ;
54 -> 55 ;
56 [label="gini = 0.0\nsamples = 1\nvalue = [0, 1]"] ;
55 -> 56 ;
57 [label="gini = 0.0\nsamples = 1\nvalue = [1, 0]"] ;
55 -> 57 ;
58 [label="X[1] <= 133.0\ngini = 0.049\nsamples = 40\nvalue = [39, 1]"] ;
54 -> 58 ;
59 [label="gini = 0.0\nsamples = 35\nvalue = [35, 0]"] ;
58 -> 59 ;
60 [label="X[1] <= 135.0\ngini = 0.32\nsamples = 5\nvalue = [4, 1]"] ;
58 -> 60 ;
61 [label="X[5] <= 24.85\ngini = 0.5\nsamples = 2\nvalue = [1, 1]"] ;
60 -> 61 ;
62 [label="gini = 0.0\nsamples = 1\nvalue = [0, 1]"] ;
61 -> 62 ;
63 [label="gini = 0.0\nsamples = 1\nvalue = [1, 0]"] ;
61 -> 63 ;
64 [label="gini = 0.0\nsamples = 3\nvalue = [3, 0]"] ;
60 -> 64 ;
65 [label="X[1] <= 94.5\ngini = 0.5\nsamples = 173\nvalue = [89, 84]"] ;
51 -> 65 ;
66 [label="X[1] <= 28.5\ngini = 0.26\nsamples = 26\nvalue = [22, 4]"] ;
65 -> 66 ;
67 [label="gini = 0.0\nsamples = 2\nvalue = [0, 2]"] ;
66 -> 67 ;
68 [label="X[0] <= 9.5\ngini = 0.153\nsamples = 24\nvalue = [22, 2]"] ;
66 -> 68 ;
69 [label="gini = 0.0\nsamples = 18\nvalue = [18, 0]"] ;
68 -> 69 ;
70 [label="X[3] <= 27.0\ngini = 0.444\nsamples = 6\nvalue = [4, 2]"] ;
68 -> 70 ;
71 [label="gini = 0.0\nsamples = 3\nvalue = [3, 0]"] ;
70 -> 71 ;
72 [label="X[3] <= 36.0\ngini = 0.444\nsamples = 3\nvalue = [1, 2]"] ;
70 -> 72 ;
73 [label="gini = 0.0\nsamples = 2\nvalue = [0, 2]"] ;
72 -> 73 ;
74 [label="gini = 0.0\nsamples = 1\nvalue = [1, 0]"] ;
72 -> 74 ;
75 [label="X[6] <= 0.528\ngini = 0.496\nsamples = 147\nvalue = [67, 80]"] ;
65 -> 75 ;
76 [label="X[2] <= 83.0\ngini = 0.498\nsamples = 99\nvalue = [53, 46]"] ;
75 -> 76 ;
77 [label="X[3] <= 26.5\ngini = 0.498\nsamples = 75\nvalue = [35, 40]"] ;
76 -> 77 ;
78 [label="X[5] <= 28.35\ngini = 0.434\nsamples = 44\nvalue = [14, 30]"] ;
77 -> 78 ;
79 [label="X[6] <= 0.25\ngini = 0.469\nsamples = 8\nvalue = [5, 3]"] ;
78 -> 79 ;
80 [label="gini = 0.0\nsamples = 4\nvalue = [4, 0]"] ;
79 -> 80 ;
81 [label="X[4] <= 115.5\ngini = 0.375\nsamples = 4\nvalue = [1, 3]"] ;
79 -> 81 ;
82 [label="gini = 0.0\nsamples = 3\nvalue = [0, 3]"] ;
81 -> 82 ;
83 [label="gini = 0.0\nsamples = 1\nvalue = [1, 0]"] ;
81 -> 83 ;
84 [label="X[5] <= 31.15\ngini = 0.375\nsamples = 36\nvalue = [9, 27]"] ;
78 -> 84 ;
85 [label="gini = 0.0\nsamples = 9\nvalue = [0, 9]"] ;
84 -> 85 ;
86 [label="X[7] <= 36.5\ngini = 0.444\nsamples = 27\nvalue = [9, 18]"] ;
84 -> 86 ;
87 [label="X[2] <= 66.0\ngini = 0.444\nsamples = 6\nvalue = [4, 2]"] ;
86 -> 87 ;
88 [label="gini = 0.0\nsamples = 2\nvalue = [0, 2]"] ;
87 -> 88 ;
89 [label="gini = 0.0\nsamples = 4\nvalue = [4, 0]"] ;
87 -> 89 ;
90 [label="X[6] <= 0.21\ngini = 0.363\nsamples = 21\nvalue = [5, 16]"] ;
86 -> 90 ;
91 [label="X[2] <= 77.0\ngini = 0.48\nsamples = 5\nvalue = [3, 2]"] ;
90 -> 91 ;
92 [label="gini = 0.0\nsamples = 2\nvalue = [0, 2]"] ;
91 -> 92 ;
93 [label="gini = 0.0\nsamples = 3\nvalue = [3, 0]"] ;
91 -> 93 ;
94 [label="X[0] <= 9.0\ngini = 0.219\nsamples = 16\nvalue = [2, 14]"] ;
90 -> 94 ;
95 [label="gini = 0.0\nsamples = 12\nvalue = [0, 12]"] ;
94 -> 95 ;
96 [label="X[6] <= 0.265\ngini = 0.5\nsamples = 4\nvalue = [2, 2]"] ;
94 -> 96 ;
97 [label="gini = 0.0\nsamples = 2\nvalue = [2, 0]"] ;
96 -> 97 ;
98 [label="gini = 0.0\nsamples = 2\nvalue = [0, 2]"] ;
96 -> 98 ;
99 [label="X[1] <= 127.5\ngini = 0.437\nsamples = 31\nvalue = [21, 10]"] ;
77 -> 99 ;
100 [label="X[2] <= 67.0\ngini = 0.298\nsamples = 22\nvalue = [18, 4]"] ;
99 -> 100 ;
101 [label="X[4] <= 41.5\ngini = 0.5\nsamples = 6\nvalue = [3, 3]"] ;
100 -> 101 ;
102 [label="gini = 0.0\nsamples = 2\nvalue = [0, 2]"] ;
101 -> 102 ;
103 [label="X[0] <= 0.5\ngini = 0.375\nsamples = 4\nvalue = [3, 1]"] ;
101 -> 103 ;
104 [label="gini = 0.0\nsamples = 1\nvalue = [0, 1]"] ;
103 -> 104 ;
105 [label="gini = 0.0\nsamples = 3\nvalue = [3, 0]"] ;
103 -> 105 ;
106 [label="X[2] <= 80.0\ngini = 0.117\nsamples = 16\nvalue = [15, 1]"] ;
100 -> 106 ;
107 [label="gini = 0.0\nsamples = 14\nvalue = [14, 0]"] ;
106 -> 107 ;
108 [label="X[0] <= 7.0\ngini = 0.5\nsamples = 2\nvalue = [1, 1]"] ;
106 -> 108 ;
109 [label="gini = 0.0\nsamples = 1\nvalue = [1, 0]"] ;
108 -> 109 ;
110 [label="gini = 0.0\nsamples = 1\nvalue = [0, 1]"] ;
108 -> 110 ;
111 [label="X[3] <= 31.0\ngini = 0.444\nsamples = 9\nvalue = [3, 6]"] ;
99 -> 111 ;
112 [label="X[5] <= 29.4\ngini = 0.375\nsamples = 4\nvalue = [3, 1]"] ;
111 -> 112 ;
113 [label="gini = 0.0\nsamples = 1\nvalue = [0, 1]"] ;
112 -> 113 ;
114 [label="gini = 0.0\nsamples = 3\nvalue = [3, 0]"] ;
112 -> 114 ;
115 [label="gini = 0.0\nsamples = 5\nvalue = [0, 5]"] ;
111 -> 115 ;
116 [label="X[4] <= 124.0\ngini = 0.375\nsamples = 24\nvalue = [18, 6]"] ;
76 -> 116 ;
117 [label="X[5] <= 41.2\ngini = 0.188\nsamples = 19\nvalue = [17, 2]"] ;
116 -> 117 ;
118 [label="X[3] <= 39.5\ngini = 0.105\nsamples = 18\nvalue = [17, 1]"] ;
117 -> 118 ;
119 [label="gini = 0.0\nsamples = 16\nvalue = [16, 0]"] ;
118 -> 119 ;
120 [label="X[6] <= 0.339\ngini = 0.5\nsamples = 2\nvalue = [1, 1]"] ;
118 -> 120 ;
121 [label="gini = 0.0\nsamples = 1\nvalue = [0, 1]"] ;
120 -> 121 ;
122 [label="gini = 0.0\nsamples = 1\nvalue = [1, 0]"] ;
120 -> 122 ;
123 [label="gini = 0.0\nsamples = 1\nvalue = [0, 1]"] ;
117 -> 123 ;
124 [label="X[3] <= 19.5\ngini = 0.32\nsamples = 5\nvalue = [1, 4]"] ;
116 -> 124 ;
125 [label="gini = 0.0\nsamples = 1\nvalue = [1, 0]"] ;
124 -> 125 ;
126 [label="gini = 0.0\nsamples = 4\nvalue = [0, 4]"] ;
124 -> 126 ;
127 [label="X[5] <= 31.6\ngini = 0.413\nsamples = 48\nvalue = [14, 34]"] ;
75 -> 127 ;
128 [label="X[5] <= 29.1\ngini = 0.498\nsamples = 17\nvalue = [9, 8]"] ;
127 -> 128 ;
129 [label="X[1] <= 132.0\ngini = 0.42\nsamples = 10\nvalue = [3, 7]"] ;
128 -> 129 ;
130 [label="X[1] <= 108.5\ngini = 0.219\nsamples = 8\nvalue = [1, 7]"] ;
129 -> 130 ;
131 [label="X[7] <= 47.0\ngini = 0.5\nsamples = 2\nvalue = [1, 1]"] ;
130 -> 131 ;
132 [label="gini = 0.0\nsamples = 1\nvalue = [1, 0]"] ;
131 -> 132 ;
133 [label="gini = 0.0\nsamples = 1\nvalue = [0, 1]"] ;
131 -> 133 ;
134 [label="gini = 0.0\nsamples = 6\nvalue = [0, 6]"] ;
130 -> 134 ;
135 [label="gini = 0.0\nsamples = 2\nvalue = [2, 0]"] ;
129 -> 135 ;
136 [label="X[6] <= 0.548\ngini = 0.245\nsamples = 7\nvalue = [6, 1]"] ;
128 -> 136 ;
137 [label="gini = 0.0\nsamples = 1\nvalue = [0, 1]"] ;
136 -> 137 ;
138 [label="gini = 0.0\nsamples = 6\nvalue = [6, 0]"] ;
136 -> 138 ;
139 [label="X[6] <= 1.149\ngini = 0.271\nsamples = 31\nvalue = [5, 26]"] ;
127 -> 139 ;
140 [label="X[3] <= 54.5\ngini = 0.142\nsamples = 26\nvalue = [2, 24]"] ;
139 -> 140 ;
141 [label="X[2] <= 87.0\ngini = 0.077\nsamples = 25\nvalue = [1, 24]"] ;
140 -> 141 ;
142 [label="gini = 0.0\nsamples = 21\nvalue = [0, 21]"] ;
141 -> 142 ;
143 [label="X[6] <= 0.731\ngini = 0.375\nsamples = 4\nvalue = [1, 3]"] ;
141 -> 143 ;
144 [label="gini = 0.0\nsamples = 1\nvalue = [1, 0]"] ;
143 -> 144 ;
145 [label="gini = 0.0\nsamples = 3\nvalue = [0, 3]"] ;
143 -> 145 ;
146 [label="gini = 0.0\nsamples = 1\nvalue = [1, 0]"] ;
140 -> 146 ;
147 [label="X[7] <= 36.0\ngini = 0.48\nsamples = 5\nvalue = [3, 2]"] ;
139 -> 147 ;
148 [label="gini = 0.0\nsamples = 2\nvalue = [0, 2]"] ;
147 -> 148 ;
149 [label="gini = 0.0\nsamples = 3\nvalue = [3, 0]"] ;
147 -> 149 ;
150 [label="X[5] <= 28.7\ngini = 0.247\nsamples = 83\nvalue = [12, 71]"] ;
0 -> 150 [labeldistance=2.5, labelangle=-45, headlabel="False"] ;
151 [label="X[5] <= 25.35\ngini = 0.486\nsamples = 12\nvalue = [5, 7]"] ;
150 -> 151 ;
152 [label="gini = 0.0\nsamples = 4\nvalue = [0, 4]"] ;
151 -> 152 ;
153 [label="X[6] <= 0.368\ngini = 0.469\nsamples = 8\nvalue = [5, 3]"] ;
151 -> 153 ;
154 [label="gini = 0.0\nsamples = 3\nvalue = [3, 0]"] ;
153 -> 154 ;
155 [label="X[3] <= 16.5\ngini = 0.48\nsamples = 5\nvalue = [2, 3]"] ;
153 -> 155 ;
156 [label="X[6] <= 0.923\ngini = 0.444\nsamples = 3\nvalue = [2, 1]"] ;
155 -> 156 ;
157 [label="gini = 0.0\nsamples = 2\nvalue = [2, 0]"] ;
156 -> 157 ;
158 [label="gini = 0.0\nsamples = 1\nvalue = [0, 1]"] ;
156 -> 158 ;
159 [label="gini = 0.0\nsamples = 2\nvalue = [0, 2]"] ;
155 -> 159 ;
160 [label="X[6] <= 1.428\ngini = 0.178\nsamples = 71\nvalue = [7, 64]"] ;
150 -> 160 ;
161 [label="X[6] <= 0.304\ngini = 0.14\nsamples = 66\nvalue = [5, 61]"] ;
160 -> 161 ;
162 [label="X[7] <= 30.5\ngini = 0.32\nsamples = 20\nvalue = [4, 16]"] ;
161 -> 162 ;
163 [label="X[4] <= 457.0\ngini = 0.494\nsamples = 9\nvalue = [4, 5]"] ;
162 -> 163 ;
164 [label="X[4] <= 180.0\ngini = 0.444\nsamples = 6\nvalue = [4, 2]"] ;
163 -> 164 ;
165 [label="X[2] <= 67.0\ngini = 0.444\nsamples = 3\nvalue = [1, 2]"] ;
164 -> 165 ;
166 [label="gini = 0.0\nsamples = 1\nvalue = [1, 0]"] ;
165 -> 166 ;
167 [label="gini = 0.0\nsamples = 2\nvalue = [0, 2]"] ;
165 -> 167 ;
168 [label="gini = 0.0\nsamples = 3\nvalue = [3, 0]"] ;
164 -> 168 ;
169 [label="gini = 0.0\nsamples = 3\nvalue = [0, 3]"] ;
163 -> 169 ;
170 [label="gini = 0.0\nsamples = 11\nvalue = [0, 11]"] ;
162 -> 170 ;
171 [label="X[1] <= 165.5\ngini = 0.043\nsamples = 46\nvalue = [1, 45]"] ;
161 -> 171 ;
172 [label="X[1] <= 164.5\ngini = 0.165\nsamples = 11\nvalue = [1, 10]"] ;
171 -> 172 ;
173 [label="gini = 0.0\nsamples = 10\nvalue = [0, 10]"] ;
172 -> 173 ;
174 [label="gini = 0.0\nsamples = 1\nvalue = [1, 0]"] ;
172 -> 174 ;
175 [label="gini = 0.0\nsamples = 35\nvalue = [0, 35]"] ;
171 -> 175 ;
176 [label="X[0] <= 3.5\ngini = 0.48\nsamples = 5\nvalue = [2, 3]"] ;
160 -> 176 ;
177 [label="gini = 0.0\nsamples = 3\nvalue = [0, 3]"] ;
176 -> 177 ;
178 [label="gini = 0.0\nsamples = 2\nvalue = [2, 0]"] ;
176 -> 178 ;
}