digraph Tree {
node [shape=box, fontname="helvetica"] ;
edge [fontname="helvetica"] ;
0 [label="X[3] <= 15.373\ngini = 0.471\nsamples = 292\nvalue = [181, 111]"] ;
1 [label="X[4] <= 0.5\ngini = 0.394\nsamples = 152\nvalue = [111, 41]"] ;
0 -> 1 [labeldistance=2.5, labelangle=45, headlabel="True"] ;
2 [label="X[1] <= 0.5\ngini = 0.331\nsamples = 124\nvalue = [98, 26]"] ;
1 -> 2 ;
3 [label="X[0] <= 23.5\ngini = 0.276\nsamples = 103\nvalue = [86, 17]"] ;
2 -> 3 ;
4 [label="X[0] <= 22.75\ngini = 0.422\nsamples = 33\nvalue = [23, 10]"] ;
3 -> 4 ;
5 [label="X[3] <= 9.156\ngini = 0.366\nsamples = 29\nvalue = [22, 7]"] ;
4 -> 5 ;
6 [label="X[0] <= 18.25\ngini = 0.434\nsamples = 22\nvalue = [15, 7]"] ;
5 -> 6 ;
7 [label="X[0] <= 12.5\ngini = 0.49\nsamples = 7\nvalue = [3, 4]"] ;
6 -> 7 ;
8 [label="gini = 0.0\nsamples = 1\nvalue = [1, 0]"] ;
7 -> 8 ;
9 [label="X[3] <= 8.356\ngini = 0.444\nsamples = 6\nvalue = [2, 4]"] ;
7 -> 9 ;
10 [label="X[3] <= 7.7\ngini = 0.32\nsamples = 5\nvalue = [1, 4]"] ;
9 -> 10 ;
11 [label="gini = 0.0\nsamples = 2\nvalue = [0, 2]"] ;
10 -> 11 ;
12 [label="X[3] <= 7.763\ngini = 0.444\nsamples = 3\nvalue = [1, 2]"] ;
10 -> 12 ;
13 [label="gini = 0.0\nsamples = 1\nvalue = [1, 0]"] ;
12 -> 13 ;
14 [label="gini = 0.0\nsamples = 2\nvalue = [0, 2]"] ;
12 -> 14 ;
15 [label="gini = 0.0\nsamples = 1\nvalue = [1, 0]"] ;
9 -> 15 ;
16 [label="X[3] <= 8.356\ngini = 0.32\nsamples = 15\nvalue = [12, 3]"] ;
6 -> 16 ;
17 [label="X[0] <= 20.5\ngini = 0.142\nsamples = 13\nvalue = [12, 1]"] ;
16 -> 17 ;
18 [label="X[5] <= 0.5\ngini = 0.32\nsamples = 5\nvalue = [4, 1]"] ;
17 -> 18 ;
19 [label="gini = 0.0\nsamples = 2\nvalue = [2, 0]"] ;
18 -> 19 ;
20 [label="X[3] <= 7.89\ngini = 0.444\nsamples = 3\nvalue = [2, 1]"] ;
18 -> 20 ;
21 [label="gini = 0.5\nsamples = 2\nvalue = [1, 1]"] ;
20 -> 21 ;
22 [label="gini = 0.0\nsamples = 1\nvalue = [1, 0]"] ;
20 -> 22 ;
23 [label="gini = 0.0\nsamples = 8\nvalue = [8, 0]"] ;
17 -> 23 ;
24 [label="gini = 0.0\nsamples = 2\nvalue = [0, 2]"] ;
16 -> 24 ;
25 [label="gini = 0.0\nsamples = 7\nvalue = [7, 0]"] ;
5 -> 25 ;
26 [label="X[3] <= 7.825\ngini = 0.375\nsamples = 4\nvalue = [1, 3]"] ;
4 -> 26 ;
27 [label="gini = 0.0\nsamples = 1\nvalue = [1, 0]"] ;
26 -> 27 ;
28 [label="gini = 0.0\nsamples = 3\nvalue = [0, 3]"] ;
26 -> 28 ;
29 [label="X[3] <= 13.458\ngini = 0.18\nsamples = 70\nvalue = [63, 7]"] ;
3 -> 29 ;
30 [label="X[3] <= 7.988\ngini = 0.119\nsamples = 63\nvalue = [59, 4]"] ;
29 -> 30 ;
31 [label="X[0] <= 35.0\ngini = 0.056\nsamples = 35\nvalue = [34, 1]"] ;
30 -> 31 ;
32 [label="gini = 0.0\nsamples = 31\nvalue = [31, 0]"] ;
31 -> 32 ;
33 [label="X[0] <= 38.25\ngini = 0.375\nsamples = 4\nvalue = [3, 1]"] ;
31 -> 33 ;
34 [label="gini = 0.0\nsamples = 1\nvalue = [0, 1]"] ;
33 -> 34 ;
35 [label="gini = 0.0\nsamples = 3\nvalue = [3, 0]"] ;
33 -> 35 ;
36 [label="X[0] <= 24.5\ngini = 0.191\nsamples = 28\nvalue = [25, 3]"] ;
30 -> 36 ;
37 [label="X[3] <= 8.388\ngini = 0.375\nsamples = 8\nvalue = [6, 2]"] ;
36 -> 37 ;
38 [label="X[3] <= 8.081\ngini = 0.48\nsamples = 5\nvalue = [3, 2]"] ;
37 -> 38 ;
39 [label="gini = 0.375\nsamples = 4\nvalue = [3, 1]"] ;
38 -> 39 ;
40 [label="gini = 0.0\nsamples = 1\nvalue = [0, 1]"] ;
38 -> 40 ;
41 [label="gini = 0.0\nsamples = 3\nvalue = [3, 0]"] ;
37 -> 41 ;
42 [label="X[3] <= 12.938\ngini = 0.095\nsamples = 20\nvalue = [19, 1]"] ;
36 -> 42 ;
43 [label="gini = 0.0\nsamples = 11\nvalue = [11, 0]"] ;
42 -> 43 ;
44 [label="X[0] <= 33.0\ngini = 0.198\nsamples = 9\nvalue = [8, 1]"] ;
42 -> 44 ;
45 [label="X[0] <= 28.0\ngini = 0.444\nsamples = 3\nvalue = [2, 1]"] ;
44 -> 45 ;
46 [label="gini = 0.0\nsamples = 2\nvalue = [2, 0]"] ;
45 -> 46 ;
47 [label="gini = 0.0\nsamples = 1\nvalue = [0, 1]"] ;
45 -> 47 ;
48 [label="gini = 0.0\nsamples = 6\nvalue = [6, 0]"] ;
44 -> 48 ;
49 [label="X[0] <= 26.5\ngini = 0.49\nsamples = 7\nvalue = [4, 3]"] ;
29 -> 49 ;
50 [label="X[7] <= 0.5\ngini = 0.375\nsamples = 4\nvalue = [1, 3]"] ;
49 -> 50 ;
51 [label="X[0] <= 25.0\ngini = 0.5\nsamples = 2\nvalue = [1, 1]"] ;
50 -> 51 ;
52 [label="gini = 0.0\nsamples = 1\nvalue = [1, 0]"] ;
51 -> 52 ;
53 [label="gini = 0.0\nsamples = 1\nvalue = [0, 1]"] ;
51 -> 53 ;
54 [label="gini = 0.0\nsamples = 2\nvalue = [0, 2]"] ;
50 -> 54 ;
55 [label="gini = 0.0\nsamples = 3\nvalue = [3, 0]"] ;
49 -> 55 ;
56 [label="X[0] <= 27.0\ngini = 0.49\nsamples = 21\nvalue = [12, 9]"] ;
2 -> 56 ;
57 [label="X[2] <= 0.5\ngini = 0.415\nsamples = 17\nvalue = [12, 5]"] ;
56 -> 57 ;
58 [label="X[3] <= 14.177\ngini = 0.198\nsamples = 9\nvalue = [8, 1]"] ;
57 -> 58 ;
59 [label="gini = 0.0\nsamples = 5\nvalue = [5, 0]"] ;
58 -> 59 ;
60 [label="X[0] <= 21.0\ngini = 0.375\nsamples = 4\nvalue = [3, 1]"] ;
58 -> 60 ;
61 [label="gini = 0.0\nsamples = 1\nvalue = [1, 0]"] ;
60 -> 61 ;
62 [label="X[3] <= 14.456\ngini = 0.444\nsamples = 3\nvalue = [2, 1]"] ;
60 -> 62 ;
63 [label="gini = 0.5\nsamples = 2\nvalue = [1, 1]"] ;
62 -> 63 ;
64 [label="gini = 0.0\nsamples = 1\nvalue = [1, 0]"] ;
62 -> 64 ;
65 [label="X[3] <= 13.387\ngini = 0.5\nsamples = 8\nvalue = [4, 4]"] ;
57 -> 65 ;
66 [label="gini = 0.0\nsamples = 3\nvalue = [0, 3]"] ;
65 -> 66 ;
67 [label="X[0] <= 8.0\ngini = 0.32\nsamples = 5\nvalue = [4, 1]"] ;
65 -> 67 ;
68 [label="gini = 0.0\nsamples = 3\nvalue = [3, 0]"] ;
67 -> 68 ;
69 [label="X[5] <= 0.5\ngini = 0.5\nsamples = 2\nvalue = [1, 1]"] ;
67 -> 69 ;
70 [label="gini = 0.0\nsamples = 1\nvalue = [0, 1]"] ;
69 -> 70 ;
71 [label="gini = 0.0\nsamples = 1\nvalue = [1, 0]"] ;
69 -> 71 ;
72 [label="gini = 0.0\nsamples = 4\nvalue = [0, 4]"] ;
56 -> 72 ;
73 [label="X[3] <= 7.727\ngini = 0.497\nsamples = 28\nvalue = [13, 15]"] ;
1 -> 73 ;
74 [label="gini = 0.0\nsamples = 3\nvalue = [0, 3]"] ;
73 -> 74 ;
75 [label="X[0] <= 19.0\ngini = 0.499\nsamples = 25\nvalue = [13, 12]"] ;
73 -> 75 ;
76 [label="gini = 0.0\nsamples = 1\nvalue = [0, 1]"] ;
75 -> 76 ;
77 [label="X[0] <= 22.5\ngini = 0.497\nsamples = 24\nvalue = [13, 11]"] ;
75 -> 77 ;
78 [label="gini = 0.0\nsamples = 1\nvalue = [1, 0]"] ;
77 -> 78 ;
79 [label="X[3] <= 8.783\ngini = 0.499\nsamples = 23\nvalue = [12, 11]"] ;
77 -> 79 ;
80 [label="X[0] <= 33.0\ngini = 0.5\nsamples = 22\nvalue = [11, 11]"] ;
79 -> 80 ;
81 [label="X[0] <= 29.0\ngini = 0.495\nsamples = 20\nvalue = [11, 9]"] ;
80 -> 81 ;
82 [label="X[3] <= 7.742\ngini = 0.499\nsamples = 19\nvalue = [10, 9]"] ;
81 -> 82 ;
83 [label="gini = 0.0\nsamples = 1\nvalue = [0, 1]"] ;
82 -> 83 ;
84 [label="X[0] <= 26.5\ngini = 0.494\nsamples = 18\nvalue = [10, 8]"] ;
82 -> 84 ;
85 [label="X[1] <= 0.5\ngini = 0.484\nsamples = 17\nvalue = [10, 7]"] ;
84 -> 85 ;
86 [label="X[0] <= 25.0\ngini = 0.492\nsamples = 16\nvalue = [9, 7]"] ;
85 -> 86 ;
87 [label="X[3] <= 7.765\ngini = 0.498\nsamples = 15\nvalue = [8, 7]"] ;
86 -> 87 ;
88 [label="gini = 0.486\nsamples = 12\nvalue = [7, 5]"] ;
87 -> 88 ;
89 [label="X[3] <= 7.829\ngini = 0.444\nsamples = 3\nvalue = [1, 2]"] ;
87 -> 89 ;
90 [label="gini = 0.0\nsamples = 1\nvalue = [0, 1]"] ;
89 -> 90 ;
91 [label="gini = 0.5\nsamples = 2\nvalue = [1, 1]"] ;
89 -> 91 ;
92 [label="gini = 0.0\nsamples = 1\nvalue = [1, 0]"] ;
86 -> 92 ;
93 [label="gini = 0.0\nsamples = 1\nvalue = [1, 0]"] ;
85 -> 93 ;
94 [label="gini = 0.0\nsamples = 1\nvalue = [0, 1]"] ;
84 -> 94 ;
95 [label="gini = 0.0\nsamples = 1\nvalue = [1, 0]"] ;
81 -> 95 ;
96 [label="gini = 0.0\nsamples = 2\nvalue = [0, 2]"] ;
80 -> 96 ;
97 [label="gini = 0.0\nsamples = 1\nvalue = [1, 0]"] ;
79 -> 97 ;
98 [label="X[3] <= 75.771\ngini = 0.5\nsamples = 140\nvalue = [70, 70]"] ;
0 -> 98 [labeldistance=2.5, labelangle=-45, headlabel="False"] ;
99 [label="X[3] <= 21.34\ngini = 0.495\nsamples = 105\nvalue = [58, 47]"] ;
98 -> 99 ;
100 [label="X[0] <= 36.25\ngini = 0.434\nsamples = 22\nvalue = [7, 15]"] ;
99 -> 100 ;
101 [label="X[0] <= 29.5\ngini = 0.278\nsamples = 18\nvalue = [3, 15]"] ;
100 -> 101 ;
102 [label="X[2] <= 1.5\ngini = 0.355\nsamples = 13\nvalue = [3, 10]"] ;
101 -> 102 ;
103 [label="X[0] <= 22.5\ngini = 0.278\nsamples = 12\nvalue = [2, 10]"] ;
102 -> 103 ;
104 [label="gini = 0.0\nsamples = 7\nvalue = [0, 7]"] ;
103 -> 104 ;
105 [label="X[3] <= 15.54\ngini = 0.48\nsamples = 5\nvalue = [2, 3]"] ;
103 -> 105 ;
106 [label="gini = 0.0\nsamples = 2\nvalue = [0, 2]"] ;
105 -> 106 ;
107 [label="X[3] <= 18.55\ngini = 0.444\nsamples = 3\nvalue = [2, 1]"] ;
105 -> 107 ;
108 [label="gini = 0.0\nsamples = 2\nvalue = [2, 0]"] ;
107 -> 108 ;
109 [label="gini = 0.0\nsamples = 1\nvalue = [0, 1]"] ;
107 -> 109 ;
110 [label="gini = 0.0\nsamples = 1\nvalue = [1, 0]"] ;
102 -> 110 ;
111 [label="gini = 0.0\nsamples = 5\nvalue = [0, 5]"] ;
101 -> 111 ;
112 [label="gini = 0.0\nsamples = 4\nvalue = [4, 0]"] ;
100 -> 112 ;
113 [label="X[7] <= 0.5\ngini = 0.474\nsamples = 83\nvalue = [51, 32]"] ;
99 -> 113 ;
114 [label="X[2] <= 0.5\ngini = 0.491\nsamples = 69\nvalue = [39, 30]"] ;
113 -> 114 ;
115 [label="X[1] <= 0.5\ngini = 0.43\nsamples = 48\nvalue = [33, 15]"] ;
114 -> 115 ;
116 [label="X[0] <= 51.5\ngini = 0.328\nsamples = 29\nvalue = [23, 6]"] ;
115 -> 116 ;
117 [label="X[0] <= 38.5\ngini = 0.26\nsamples = 26\nvalue = [22, 4]"] ;
116 -> 117 ;
118 [label="X[3] <= 41.125\ngini = 0.426\nsamples = 13\nvalue = [9, 4]"] ;
117 -> 118 ;
119 [label="X[3] <= 31.59\ngini = 0.5\nsamples = 8\nvalue = [4, 4]"] ;
118 -> 119 ;
120 [label="X[0] <= 23.0\ngini = 0.444\nsamples = 6\nvalue = [4, 2]"] ;
119 -> 120 ;
121 [label="gini = 0.0\nsamples = 1\nvalue = [0, 1]"] ;
120 -> 121 ;
122 [label="X[5] <= 0.5\ngini = 0.32\nsamples = 5\nvalue = [4, 1]"] ;
120 -> 122 ;
123 [label="X[3] <= 28.129\ngini = 0.5\nsamples = 2\nvalue = [1, 1]"] ;
122 -> 123 ;
124 [label="gini = 0.0\nsamples = 1\nvalue = [0, 1]"] ;
123 -> 124 ;
125 [label="gini = 0.0\nsamples = 1\nvalue = [1, 0]"] ;
123 -> 125 ;
126 [label="gini = 0.0\nsamples = 3\nvalue = [3, 0]"] ;
122 -> 126 ;
127 [label="gini = 0.0\nsamples = 2\nvalue = [0, 2]"] ;
119 -> 127 ;
128 [label="gini = 0.0\nsamples = 5\nvalue = [5, 0]"] ;
118 -> 128 ;
129 [label="gini = 0.0\nsamples = 13\nvalue = [13, 0]"] ;
117 -> 129 ;
130 [label="X[3] <= 28.11\ngini = 0.444\nsamples = 3\nvalue = [1, 2]"] ;
116 -> 130 ;
131 [label="gini = 0.0\nsamples = 2\nvalue = [0, 2]"] ;
130 -> 131 ;
132 [label="gini = 0.0\nsamples = 1\nvalue = [1, 0]"] ;
130 -> 132 ;
133 [label="X[0] <= 20.0\ngini = 0.499\nsamples = 19\nvalue = [10, 9]"] ;
115 -> 133 ;
134 [label="gini = 0.0\nsamples = 2\nvalue = [0, 2]"] ;
133 -> 134 ;
135 [label="X[0] <= 34.5\ngini = 0.484\nsamples = 17\nvalue = [10, 7]"] ;
133 -> 135 ;
136 [label="X[3] <= 28.75\ngini = 0.278\nsamples = 6\nvalue = [5, 1]"] ;
135 -> 136 ;
137 [label="X[0] <= 31.5\ngini = 0.444\nsamples = 3\nvalue = [2, 1]"] ;
136 -> 137 ;
138 [label="gini = 0.5\nsamples = 2\nvalue = [1, 1]"] ;
137 -> 138 ;
139 [label="gini = 0.0\nsamples = 1\nvalue = [1, 0]"] ;
137 -> 139 ;
140 [label="gini = 0.0\nsamples = 3\nvalue = [3, 0]"] ;
136 -> 140 ;
141 [label="X[0] <= 61.5\ngini = 0.496\nsamples = 11\nvalue = [5, 6]"] ;
135 -> 141 ;
142 [label="X[5] <= 0.5\ngini = 0.444\nsamples = 9\nvalue = [3, 6]"] ;
141 -> 142 ;
143 [label="X[3] <= 58.575\ngini = 0.48\nsamples = 5\nvalue = [3, 2]"] ;
142 -> 143 ;
144 [label="X[0] <= 48.5\ngini = 0.444\nsamples = 3\nvalue = [1, 2]"] ;
143 -> 144 ;
145 [label="gini = 0.0\nsamples = 2\nvalue = [0, 2]"] ;
144 -> 145 ;
146 [label="gini = 0.0\nsamples = 1\nvalue = [1, 0]"] ;
144 -> 146 ;
147 [label="gini = 0.0\nsamples = 2\nvalue = [2, 0]"] ;
143 -> 147 ;
148 [label="gini = 0.0\nsamples = 4\nvalue = [0, 4]"] ;
142 -> 148 ;
149 [label="gini = 0.0\nsamples = 2\nvalue = [2, 0]"] ;
141 -> 149 ;
150 [label="X[3] <= 34.625\ngini = 0.408\nsamples = 21\nvalue = [6, 15]"] ;
114 -> 150 ;
151 [label="X[3] <= 31.25\ngini = 0.494\nsamples = 9\nvalue = [4, 5]"] ;
150 -> 151 ;
152 [label="X[0] <= 5.0\ngini = 0.408\nsamples = 7\nvalue = [2, 5]"] ;
151 -> 152 ;
153 [label="gini = 0.0\nsamples = 1\nvalue = [1, 0]"] ;
152 -> 153 ;
154 [label="X[0] <= 29.5\ngini = 0.278\nsamples = 6\nvalue = [1, 5]"] ;
152 -> 154 ;
155 [label="gini = 0.0\nsamples = 3\nvalue = [0, 3]"] ;
154 -> 155 ;
156 [label="X[0] <= 37.5\ngini = 0.444\nsamples = 3\nvalue = [1, 2]"] ;
154 -> 156 ;
157 [label="gini = 0.0\nsamples = 1\nvalue = [1, 0]"] ;
156 -> 157 ;
158 [label="gini = 0.0\nsamples = 2\nvalue = [0, 2]"] ;
156 -> 158 ;
159 [label="gini = 0.0\nsamples = 2\nvalue = [2, 0]"] ;
151 -> 159 ;
160 [label="X[0] <= 48.5\ngini = 0.278\nsamples = 12\nvalue = [2, 10]"] ;
150 -> 160 ;
161 [label="X[0] <= 21.5\ngini = 0.165\nsamples = 11\nvalue = [1, 10]"] ;
160 -> 161 ;
162 [label="X[0] <= 16.5\ngini = 0.444\nsamples = 3\nvalue = [1, 2]"] ;
161 -> 162 ;
163 [label="gini = 0.0\nsamples = 2\nvalue = [0, 2]"] ;
162 -> 163 ;
164 [label="gini = 0.0\nsamples = 1\nvalue = [1, 0]"] ;
162 -> 164 ;
165 [label="gini = 0.0\nsamples = 8\nvalue = [0, 8]"] ;
161 -> 165 ;
166 [label="gini = 0.0\nsamples = 1\nvalue = [1, 0]"] ;
160 -> 166 ;
167 [label="X[4] <= 0.5\ngini = 0.245\nsamples = 14\nvalue = [12, 2]"] ;
113 -> 167 ;
168 [label="X[1] <= 6.0\ngini = 0.142\nsamples = 13\nvalue = [12, 1]"] ;
167 -> 168 ;
169 [label="gini = 0.0\nsamples = 11\nvalue = [11, 0]"] ;
168 -> 169 ;
170 [label="X[0] <= 19.25\ngini = 0.5\nsamples = 2\nvalue = [1, 1]"] ;
168 -> 170 ;
171 [label="gini = 0.0\nsamples = 1\nvalue = [1, 0]"] ;
170 -> 171 ;
172 [label="gini = 0.0\nsamples = 1\nvalue = [0, 1]"] ;
170 -> 172 ;
173 [label="gini = 0.0\nsamples = 1\nvalue = [0, 1]"] ;
167 -> 173 ;
174 [label="X[1] <= 0.5\ngini = 0.451\nsamples = 35\nvalue = [12, 23]"] ;
98 -> 174 ;
175 [label="gini = 0.0\nsamples = 11\nvalue = [0, 11]"] ;
174 -> 175 ;
176 [label="X[3] <= 82.713\ngini = 0.5\nsamples = 24\nvalue = [12, 12]"] ;
174 -> 176 ;
177 [label="X[2] <= 0.5\ngini = 0.32\nsamples = 5\nvalue = [1, 4]"] ;
176 -> 177 ;
178 [label="gini = 0.0\nsamples = 2\nvalue = [0, 2]"] ;
177 -> 178 ;
179 [label="X[5] <= 0.5\ngini = 0.444\nsamples = 3\nvalue = [1, 2]"] ;
177 -> 179 ;
180 [label="gini = 0.0\nsamples = 1\nvalue = [0, 1]"] ;
179 -> 180 ;
181 [label="X[0] <= 53.5\ngini = 0.5\nsamples = 2\nvalue = [1, 1]"] ;
179 -> 181 ;
182 [label="gini = 0.0\nsamples = 1\nvalue = [1, 0]"] ;
181 -> 182 ;
183 [label="gini = 0.0\nsamples = 1\nvalue = [0, 1]"] ;
181 -> 183 ;
184 [label="X[3] <= 262.688\ngini = 0.488\nsamples = 19\nvalue = [11, 8]"] ;
176 -> 184 ;
185 [label="X[2] <= 0.5\ngini = 0.457\nsamples = 17\nvalue = [11, 6]"] ;
184 -> 185 ;
186 [label="X[3] <= 121.602\ngini = 0.49\nsamples = 7\nvalue = [3, 4]"] ;
185 -> 186 ;
187 [label="gini = 0.0\nsamples = 2\nvalue = [0, 2]"] ;
186 -> 187 ;
188 [label="X[0] <= 26.5\ngini = 0.48\nsamples = 5\nvalue = [3, 2]"] ;
186 -> 188 ;
189 [label="gini = 0.0\nsamples = 1\nvalue = [0, 1]"] ;
188 -> 189 ;
190 [label="X[5] <= 0.5\ngini = 0.375\nsamples = 4\nvalue = [3, 1]"] ;
188 -> 190 ;
191 [label="gini = 0.0\nsamples = 2\nvalue = [2, 0]"] ;
190 -> 191 ;
192 [label="X[0] <= 65.0\ngini = 0.5\nsamples = 2\nvalue = [1, 1]"] ;
190 -> 192 ;
193 [label="gini = 0.0\nsamples = 1\nvalue = [0, 1]"] ;
192 -> 193 ;
194 [label="gini = 0.0\nsamples = 1\nvalue = [1, 0]"] ;
192 -> 194 ;
195 [label="X[3] <= 188.183\ngini = 0.32\nsamples = 10\nvalue = [8, 2]"] ;
185 -> 195 ;
196 [label="gini = 0.0\nsamples = 5\nvalue = [5, 0]"] ;
195 -> 196 ;
197 [label="X[3] <= 254.948\ngini = 0.48\nsamples = 5\nvalue = [3, 2]"] ;
195 -> 197 ;
198 [label="X[0] <= 38.5\ngini = 0.444\nsamples = 3\nvalue = [1, 2]"] ;
197 -> 198 ;
199 [label="gini = 0.0\nsamples = 1\nvalue = [0, 1]"] ;
198 -> 199 ;
200 [label="gini = 0.5\nsamples = 2\nvalue = [1, 1]"] ;
198 -> 200 ;
201 [label="gini = 0.0\nsamples = 2\nvalue = [2, 0]"] ;
197 -> 201 ;
202 [label="gini = 0.0\nsamples = 2\nvalue = [0, 2]"] ;
184 -> 202 ;
}